<?xml version="1.0" encoding="UTF-8"?>
<testsuite xmlns:xsi="http://www.w3.org/2001/XMLSchema-instance" xsi:noNamespaceSchemaLocation="https://maven.apache.org/surefire/maven-surefire-plugin/xsd/surefire-test-report.xsd" version="3.0.2" name="com.backend.truefit3d.Truefit3dApplicationTests" time="5.722" tests="1" errors="0" skipped="0" failures="0">
  <properties>
[...]
</properties>
  <testcase name="contextLoads" classname="com.backend.truefit3d.Truefit3dApplicationTests" time="0.396">
    <system-out><![CDATA[13:15:54.556 [main] INFO org.springframework.test.context.support.AnnotationConfigContextLoaderUtils -- Could not detect default configuration classes for test class [com.backend.truefit3d.Truefit3dApplicationTests]: Truefit3dApplicationTests does not declare any static, non-private, non-final, nested classes annotated with @Configuration.
13:15:54.650 [main] INFO org.springframework.boot.test.context.SpringBootTestContextBootstrapper -- Found @SpringBootConfiguration com.backend.truefit3d.Truefit3dApplication for test class com.backend.truefit3d.Truefit3dApplicationTests

  .   ____          _            __ _ _
 /\\ / ___'_ __ _ _(_)_ __  __ _ \ \ \ \
( ( )\___ | '_ | '_| | '_ \/ _` | \ \ \ \
 \\/  ___)| |_)| | | | | || (_| |  ) ) ) )
  '  |____| .__|_| |_|_| |_\__, | / / / /
 =========|_|==============|___/=/_/_/_/

 :: Spring Boot ::                (v3.4.4)

2025-05-20T13:15:54.968+05:30  INFO 29736 --- [truefit3d] [           main] c.b.truefit3d.Truefit3dApplicationTests  : Starting Truefit3dApplicationTests using Java 21.0.7 with PID 29736 (started by Apiram Rajamohan in C:\Users\Apiram Rajamohan\Desktop\Truefit-3D\backend)
2025-05-20T13:15:54.969+05:30  INFO 29736 --- [truefit3d] [           main] c.b.truefit3d.Truefit3dApplicationTests  : No active profile set, falling back to 1 default profile: "default"
2025-05-20T13:15:55.562+05:30  INFO 29736 --- [truefit3d] [           main] .s.d.r.c.RepositoryConfigurationDelegate : Bootstrapping Spring Data JPA repositories in DEFAULT mode.
2025-05-20T13:15:55.625+05:30  INFO 29736 --- [truefit3d] [           main] .s.d.r.c.RepositoryConfigurationDelegate : Finished Spring Data repository scanning in 52 ms. Found 8 JPA repository interfaces.
2025-05-20T13:15:56.165+05:30  INFO 29736 --- [truefit3d] [           main] o.hibernate.jpa.internal.util.LogHelper  : HHH000204: Processing PersistenceUnitInfo [name: default]
2025-05-20T13:15:56.226+05:30  INFO 29736 --- [truefit3d] [           main] org.hibernate.Version                    : HHH000412: Hibernate ORM core version 6.6.11.Final
2025-05-20T13:15:56.253+05:30  INFO 29736 --- [truefit3d] [           main] o.h.c.internal.RegionFactoryInitiator    : HHH000026: Second-level cache disabled
2025-05-20T13:15:56.537+05:30  INFO 29736 --- [truefit3d] [           main] o.s.o.j.p.SpringPersistenceUnitInfo      : No LoadTimeWeaver setup: ignoring JPA class transformer
2025-05-20T13:15:56.570+05:30  INFO 29736 --- [truefit3d] [           main] com.zaxxer.hikari.HikariDataSource       : HikariPool-1 - Starting...
2025-05-20T13:15:56.872+05:30  INFO 29736 --- [truefit3d] [           main] com.zaxxer.hikari.pool.HikariPool        : HikariPool-1 - Added connection org.postgresql.jdbc.PgConnection@6c24f61d
2025-05-20T13:15:56.874+05:30  INFO 29736 --- [truefit3d] [           main] com.zaxxer.hikari.HikariDataSource       : HikariPool-1 - Start completed.
2025-05-20T13:15:56.910+05:30  WARN 29736 --- [truefit3d] [           main] org.hibernate.orm.deprecation            : HHH90000025: PostgreSQLDialect does not need to be specified explicitly using 'hibernate.dialect' (remove the property setting and it will be selected by default)
2025-05-20T13:15:56.926+05:30  INFO 29736 --- [truefit3d] [           main] org.hibernate.orm.connections.pooling    : HHH10001005: Database info:
	Database JDBC URL [Connecting through datasource 'HikariDataSource (HikariPool-1)']
	Database driver: undefined/unknown
	Database version: 17.4
	Autocommit mode: undefined/unknown
	Isolation level: undefined/unknown
	Minimum pool size: undefined/unknown
	Maximum pool size: undefined/unknown
2025-05-20T13:15:57.727+05:30  INFO 29736 --- [truefit3d] [           main] o.h.e.t.j.p.i.JtaPlatformInitiator       : HHH000489: No JTA platform available (set 'hibernate.transaction.jta.platform' to enable JTA platform integration)
2025-05-20T13:15:57.925+05:30  INFO 29736 --- [truefit3d] [           main] j.LocalContainerEntityManagerFactoryBean : Initialized JPA EntityManagerFactory for persistence unit 'default'
2025-05-20T13:15:58.598+05:30  INFO 29736 --- [truefit3d] [           main] r$InitializeUserDetailsManagerConfigurer : Global AuthenticationManager configured with UserDetailsService bean with name userService
2025-05-20T13:15:58.802+05:30  WARN 29736 --- [truefit3d] [           main] JpaBaseConfiguration$JpaWebConfiguration : spring.jpa.open-in-view is enabled by default. Therefore, database queries may be performed during view rendering. Explicitly configure spring.jpa.open-in-view to disable this warning
2025-05-20T13:15:59.464+05:30 DEBUG 29736 --- [truefit3d] [           main] o.s.s.web.DefaultSecurityFilterChain     : Will secure any request with filters: DisableEncodeUrlFilter, WebAsyncManagerIntegrationFilter, SecurityContextHolderFilter, HeaderWriterFilter, CorsFilter, LogoutFilter, OAuth2AuthorizationRequestRedirectFilter, OAuth2LoginAuthenticationFilter, JwtFilter, RequestCacheAwareFilter, SecurityContextHolderAwareRequestFilter, AnonymousAuthenticationFilter, SessionManagementFilter, ExceptionTranslationFilter, AuthorizationFilter
2025-05-20T13:15:59.746+05:30  INFO 29736 --- [truefit3d] [           main] c.b.truefit3d.Truefit3dApplicationTests  : Started Truefit3dApplicationTests in 4.981 seconds (process running for 5.721)
]]></system-out>
    <system-err><![CDATA[Mockito is currently self-attaching to enable the inline-mock-maker. This will no longer work in future releases of the JDK. Please add Mockito as an agent to your build what is described in Mockito's documentation: https://javadoc.io/doc/org.mockito/mockito-core/latest/org/mockito/Mockito.html#0.3
WARNING: A Java agent has been loaded dynamically (C:\Users\Apiram Rajamohan\.m2\repository\net\bytebuddy\byte-buddy-agent\1.15.11\byte-buddy-agent-1.15.11.jar)
WARNING: If a serviceability tool is in use, please run with -XX:+EnableDynamicAgentLoading to hide this warning
WARNING: If a serviceability tool is not in use, please run with -Djdk.instrument.traceUsage for more information
WARNING: Dynamic loading of agents will be disallowed by default in a future release
]]></system-err>
  </testcase>
</testsuite>